Started GET "/links/2/edit" for 127.0.0.1 at 2022-02-08 16:20:32 -0500
Processing by LinksController#edit as HTML
  Parameters: {"id"=>"2"}
  [1m[36mUser Load (0.3ms)[0m  [1m[34mSELECT "users".* FROM "users" WHERE "users"."id" = $1 ORDER BY "users"."id" ASC LIMIT $2[0m  [["id", 16], ["LIMIT", 1]]
  [1m[36mLink Load (0.3ms)[0m  [1m[34mSELECT "links".* FROM "links" WHERE "links"."id" = $1 LIMIT $2[0m  [["id", 2], ["LIMIT", 1]]
  ↳ app/controllers/links_controller.rb:25:in `edit'
  Rendering layout layouts/application.html.erb
  Rendering links/edit.html.erb within layouts/application
  Rendered links/_form.html.erb (Duration: 31.4ms | Allocations: 19524)
  Rendered links/edit.html.erb within layouts/application (Duration: 32.1ms | Allocations: 19966)
  Rendered layouts/_header.html.erb (Duration: 1.1ms | Allocations: 1369)
  [1m[36mProfile Load (0.3ms)[0m  [1m[34mSELECT "profiles".* FROM "profiles" WHERE "profiles"."user_id" = $1 LIMIT $2[0m  [["user_id", 16], ["LIMIT", 1]]
  ↳ app/views/layouts/_navbar.html.erb:11
  Rendered layouts/_navbar.html.erb (Duration: 3.3ms | Allocations: 3170)
  Rendered layouts/_footer.html.erb (Duration: 1.0ms | Allocations: 1796)
  Rendered layout layouts/application.html.erb (Duration: 39.2ms | Allocations: 27718)
Completed 200 OK in 47ms (Views: 40.4ms | ActiveRecord: 0.9ms | Allocations: 32487)


Started GET "/" for 127.0.0.1 at 2022-02-08 16:21:00 -0500
Processing by HomeController#index as HTML
  [1m[36mEvent Load (0.8ms)[0m  [1m[34mSELECT "events".* FROM "events" WHERE "events"."id" = $1 LIMIT $2[0m  [["id", 11], ["LIMIT", 1]]
  ↳ app/controllers/home_controller.rb:5:in `index'
  [1m[36mLink Load (0.8ms)[0m  [1m[34mSELECT "links".* FROM "links" WHERE "links"."event" = $1 LIMIT $2[0m  [["event", "worship"], ["LIMIT", 1]]
  ↳ app/controllers/home_controller.rb:7:in `index'
  [1m[36mLink Load (0.7ms)[0m  [1m[34mSELECT "links".* FROM "links" WHERE "links"."event" = $1 LIMIT $2[0m  [["event", "bulletin"], ["LIMIT", 1]]
  ↳ app/controllers/home_controller.rb:8:in `index'
  [1m[36mLink Load (0.5ms)[0m  [1m[34mSELECT "links".* FROM "links" WHERE "links"."event" = $1 LIMIT $2[0m  [["event", "wine_time"], ["LIMIT", 1]]
  ↳ app/controllers/home_controller.rb:9:in `index'
  [1m[36mLink Load (0.4ms)[0m  [1m[34mSELECT "links".* FROM "links" WHERE "links"."event" = $1 LIMIT $2[0m  [["event", "coffee"], ["LIMIT", 1]]
  ↳ app/controllers/home_controller.rb:10:in `index'
  [1m[36mLink Load (0.5ms)[0m  [1m[34mSELECT "links".* FROM "links" WHERE "links"."event" = $1 LIMIT $2[0m  [["event", "evening_bible"], ["LIMIT", 1]]
  ↳ app/controllers/home_controller.rb:11:in `index'
  [1m[36mPathway Load (0.5ms)[0m  [1m[34mSELECT "pathways".* FROM "pathways" ORDER BY created_at DESC LIMIT $1[0m  [["LIMIT", 1]]
  ↳ app/controllers/home_controller.rb:12:in `index'
  Rendering layout layouts/application.html.erb
  Rendering home/index.html.erb within layouts/application
  [1m[36mEnsFeed Load (0.6ms)[0m  [1m[34mSELECT "ens_feeds".* FROM "ens_feeds" ORDER BY published_at DESC LIMIT $1[0m  [["LIMIT", 6]]
  ↳ app/views/home/index.html.erb:177
  Rendered home/index.html.erb within layouts/application (Duration: 7.6ms | Allocations: 4711)
  Rendered layouts/_header.html.erb (Duration: 1.2ms | Allocations: 859)
  [1m[36mUser Load (0.3ms)[0m  [1m[34mSELECT "users".* FROM "users" WHERE "users"."id" = $1 ORDER BY "users"."id" ASC LIMIT $2[0m  [["id", 622], ["LIMIT", 1]]
  ↳ app/views/layouts/_navbar.html.erb:4
  [1m[36mProfile Load (0.3ms)[0m  [1m[34mSELECT "profiles".* FROM "profiles" WHERE "profiles"."user_id" = $1 LIMIT $2[0m  [["user_id", 622], ["LIMIT", 1]]
  ↳ app/views/layouts/_navbar.html.erb:11
  Rendered layouts/_navbar.html.erb (Duration: 4.8ms | Allocations: 2538)
  Rendered layouts/_footer.html.erb (Duration: 0.7ms | Allocations: 1559)
  Rendered layout layouts/application.html.erb (Duration: 15.4ms | Allocations: 10196)
Completed 200 OK in 37ms (Views: 16.4ms | ActiveRecord: 5.3ms | Allocations: 15262)


Started GET "/markets/index" for 127.0.0.1 at 2022-02-08 16:21:07 -0500
Processing by MarketsController#index as HTML
  Rendering layout layouts/application.html.erb
  Rendering markets/index.html.erb within layouts/application
  Rendered markets/index.html.erb within layouts/application (Duration: 0.6ms | Allocations: 272)
  Rendered layouts/_header.html.erb (Duration: 1.7ms | Allocations: 938)
  [1m[36mUser Load (0.5ms)[0m  [1m[34mSELECT "users".* FROM "users" WHERE "users"."id" = $1 ORDER BY "users"."id" ASC LIMIT $2[0m  [["id", 622], ["LIMIT", 1]]
  ↳ app/views/layouts/_navbar.html.erb:4
  [1m[36mProfile Load (0.3ms)[0m  [1m[34mSELECT "profiles".* FROM "profiles" WHERE "profiles"."user_id" = $1 LIMIT $2[0m  [["user_id", 622], ["LIMIT", 1]]
  ↳ app/views/layouts/_navbar.html.erb:11
  Rendered layouts/_navbar.html.erb (Duration: 6.6ms | Allocations: 2680)
  Rendered layouts/_footer.html.erb (Duration: 0.9ms | Allocations: 1503)
  Rendered layout layouts/application.html.erb (Duration: 11.1ms | Allocations: 5970)
Completed 200 OK in 14ms (Views: 12.2ms | ActiveRecord: 0.8ms | Allocations: 7485)


Started GET "/" for 127.0.0.1 at 2022-02-09 07:34:50 -0500
  [1m[36mActiveRecord::SchemaMigration Pluck (1.8ms)[0m  [1m[34mSELECT "schema_migrations"."version" FROM "schema_migrations" ORDER BY "schema_migrations"."version" ASC[0m
Processing by HomeController#index as HTML
  [1m[36mEvent Load (0.8ms)[0m  [1m[34mSELECT "events".* FROM "events" WHERE "events"."id" = $1 LIMIT $2[0m  [["id", 11], ["LIMIT", 1]]
  ↳ app/controllers/home_controller.rb:5:in `index'
  [1m[36mLink Load (0.7ms)[0m  [1m[34mSELECT "links".* FROM "links" WHERE "links"."event" = $1 LIMIT $2[0m  [["event", "worship"], ["LIMIT", 1]]
  ↳ app/controllers/home_controller.rb:7:in `index'
  [1m[36mLink Load (0.2ms)[0m  [1m[34mSELECT "links".* FROM "links" WHERE "links"."event" = $1 LIMIT $2[0m  [["event", "bulletin"], ["LIMIT", 1]]
  ↳ app/controllers/home_controller.rb:8:in `index'
  [1m[36mLink Load (0.2ms)[0m  [1m[34mSELECT "links".* FROM "links" WHERE "links"."event" = $1 LIMIT $2[0m  [["event", "wine_time"], ["LIMIT", 1]]
  ↳ app/controllers/home_controller.rb:9:in `index'
  [1m[36mLink Load (0.2ms)[0m  [1m[34mSELECT "links".* FROM "links" WHERE "links"."event" = $1 LIMIT $2[0m  [["event", "coffee"], ["LIMIT", 1]]
  ↳ app/controllers/home_controller.rb:10:in `index'
  [1m[36mLink Load (0.2ms)[0m  [1m[34mSELECT "links".* FROM "links" WHERE "links"."event" = $1 LIMIT $2[0m  [["event", "evening_bible"], ["LIMIT", 1]]
  ↳ app/controllers/home_controller.rb:11:in `index'
  [1m[36mPathway Load (0.8ms)[0m  [1m[34mSELECT "pathways".* FROM "pathways" ORDER BY created_at DESC LIMIT $1[0m  [["LIMIT", 1]]
  ↳ app/controllers/home_controller.rb:12:in `index'
  Rendering layout layouts/application.html.erb
  Rendering home/index.html.erb within layouts/application
  [1m[36mEnsFeed Load (2.4ms)[0m  [1m[34mSELECT "ens_feeds".* FROM "ens_feeds" ORDER BY published_at DESC LIMIT $1[0m  [["LIMIT", 6]]
  ↳ app/views/home/index.html.erb:177
  Rendered home/index.html.erb within layouts/application (Duration: 21.7ms | Allocations: 15629)
  Rendered layouts/_header.html.erb (Duration: 1.4ms | Allocations: 1360)
  [1m[36mUser Load (2.6ms)[0m  [1m[34mSELECT "users".* FROM "users" WHERE "users"."id" = $1 ORDER BY "users"."id" ASC LIMIT $2[0m  [["id", 16], ["LIMIT", 1]]
  ↳ app/views/layouts/_navbar.html.erb:4
  [1m[36mProfile Load (1.5ms)[0m  [1m[34mSELECT "profiles".* FROM "profiles" WHERE "profiles"."user_id" = $1 LIMIT $2[0m  [["user_id", 16], ["LIMIT", 1]]
  ↳ app/views/layouts/_navbar.html.erb:11
  Rendered layouts/_navbar.html.erb (Duration: 40.4ms | Allocations: 40228)
  Rendered layouts/_footer.html.erb (Duration: 1.3ms | Allocations: 1808)
  Rendered layout layouts/application.html.erb (Duration: 66.9ms | Allocations: 60689)
Completed 200 OK in 129ms (Views: 56.7ms | ActiveRecord: 26.6ms | Allocations: 102615)


Started GET "/members" for 127.0.0.1 at 2022-02-09 07:34:56 -0500
Processing by MembersController#index as HTML
  [1m[36mUser Load (0.4ms)[0m  [1m[34mSELECT "users".* FROM "users" WHERE "users"."id" = $1 ORDER BY "users"."id" ASC LIMIT $2[0m  [["id", 16], ["LIMIT", 1]]
Completed 500 Internal Server Error in 5ms (ActiveRecord: 0.4ms | Allocations: 3933)



NoMethodError - undefined method `all' for Member:Module
    @members = Member.all.order(:last_name)
                     ^^^^:
  app/controllers/members_controller.rb:8:in `index'

Started POST "/__better_errors/56d984c8ff762907/variables" for 127.0.0.1 at 2022-02-09 07:34:56 -0500
Started GET "/members" for 127.0.0.1 at 2022-02-09 07:40:22 -0500
Processing by MembersController#index as HTML
  [1m[36mUser Load (0.2ms)[0m  [1m[34mSELECT "users".* FROM "users" WHERE "users"."id" = $1 ORDER BY "users"."id" ASC LIMIT $2[0m  [["id", 16], ["LIMIT", 1]]
Completed 500 Internal Server Error in 17ms (ActiveRecord: 3.9ms | Allocations: 13981)



TypeError - Member is not a module
/home/tom/paul/app/models/member.rb:20: previous definition of Member was here:
  app/models/member/import.rb:4:in `<top (required)>'
  app/controllers/members_controller.rb:9:in `index'

Started POST "/__better_errors/7f7fd642c2d1b522/variables" for 127.0.0.1 at 2022-02-09 07:40:22 -0500
Started GET "/members" for 127.0.0.1 at 2022-02-09 08:20:42 -0500
  [1m[36mActiveRecord::SchemaMigration Pluck (0.8ms)[0m  [1m[34mSELECT "schema_migrations"."version" FROM "schema_migrations" ORDER BY "schema_migrations"."version" ASC[0m
Processing by MembersController#index as HTML
  [1m[36mUser Load (0.3ms)[0m  [1m[34mSELECT "users".* FROM "users" WHERE "users"."id" = $1 ORDER BY "users"."id" ASC LIMIT $2[0m  [["id", 16], ["LIMIT", 1]]
Completed 500 Internal Server Error in 35ms (ActiveRecord: 4.9ms | Allocations: 35736)



TypeError - Member is not a module
/home/tom/paul/app/models/member.rb:20: previous definition of Member was here:
  app/models/member/import.rb:4:in `<top (required)>'
  app/controllers/members_controller.rb:9:in `index'

Started POST "/__better_errors/05c91838b5b40510/variables" for 127.0.0.1 at 2022-02-09 08:20:42 -0500
Started GET "/members" for 127.0.0.1 at 2022-02-09 08:23:49 -0500
Processing by MembersController#index as HTML
  [1m[36mUser Load (0.3ms)[0m  [1m[34mSELECT "users".* FROM "users" WHERE "users"."id" = $1 ORDER BY "users"."id" ASC LIMIT $2[0m  [["id", 16], ["LIMIT", 1]]
Completed 500 Internal Server Error in 19ms (ActiveRecord: 3.7ms | Allocations: 17410)



NameError - uninitialized constant Member::Import
    @import = Member::Import.new
                    ^^^^^^^^:
  app/controllers/members_controller.rb:9:in `index'

Started POST "/__better_errors/cfee0f15fe5043f4/variables" for 127.0.0.1 at 2022-02-09 08:23:49 -0500
  [1m[36mMember Load (2.4ms)[0m  [1m[34mSELECT "members".* FROM "members" /* loading for inspect */ ORDER BY "members"."last_name" ASC LIMIT $1[0m  [["LIMIT", 11]]
  ↳ (eval):72:in `block in render'
Started GET "/members" for 127.0.0.1 at 2022-02-09 08:25:02 -0500
Processing by MembersController#index as HTML
  [1m[36mUser Load (0.2ms)[0m  [1m[34mSELECT "users".* FROM "users" WHERE "users"."id" = $1 ORDER BY "users"."id" ASC LIMIT $2[0m  [["id", 16], ["LIMIT", 1]]
  Rendering layout layouts/application.html.erb
  Rendering members/index.html.erb within layouts/application
  Rendered members/index.html.erb within layouts/application (Duration: 5.2ms | Allocations: 4777)
  Rendered layout layouts/application.html.erb (Duration: 5.4ms | Allocations: 4854)
Completed 500 Internal Server Error in 37ms (ActiveRecord: 3.7ms | Allocations: 21614)



ArgumentError - First argument in form cannot contain nil or be empty:
  app/views/members/index.html.erb:4

Started POST "/__better_errors/2ccb5f4fc91e619c/variables" for 127.0.0.1 at 2022-02-09 08:25:02 -0500
  [1m[36mMember Load (0.6ms)[0m  [1m[34mSELECT "members".* FROM "members" /* loading for inspect */ ORDER BY "members"."last_name" ASC LIMIT $1[0m  [["LIMIT", 11]]
  ↳ (eval):72:in `block in render'
  [1m[36mMember Load (0.4ms)[0m  [1m[34mSELECT "members".* FROM "members" WHERE "members"."away_zip" IS NOT NULL AND "members"."email" IS NOT NULL /* loading for inspect */ LIMIT $1[0m  [["LIMIT", 11]]
  ↳ (eval):72:in `block in render'
  [1m[36mCACHE Member Load (0.0ms)[0m  [1m[34mSELECT "members".* FROM "members" /* loading for inspect */ ORDER BY "members"."last_name" ASC LIMIT $1[0m  [["LIMIT", 11]]
  ↳ (eval):72:in `block in render'
  [1m[36mCACHE Member Load (0.0ms)[0m  [1m[34mSELECT "members".* FROM "members" WHERE "members"."away_zip" IS NOT NULL AND "members"."email" IS NOT NULL /* loading for inspect */ LIMIT $1[0m  [["LIMIT", 11]]
  ↳ (eval):72:in `block in render'
Started GET "/members" for 127.0.0.1 at 2022-02-09 08:38:11 -0500
Processing by MembersController#index as HTML
  [1m[36mUser Load (0.5ms)[0m  [1m[34mSELECT "users".* FROM "users" WHERE "users"."id" = $1 ORDER BY "users"."id" ASC LIMIT $2[0m  [["id", 16], ["LIMIT", 1]]
  Rendering layout layouts/application.html.erb
  Rendering members/index.html.erb within layouts/application
  [1m[36mMember Load (1.3ms)[0m  [1m[34mSELECT "members".* FROM "members" ORDER BY "members"."last_name" ASC[0m
  ↳ app/views/members/index.html.erb:4
  [1m[36mMember Load (0.4ms)[0m  [1m[34mSELECT "members".* FROM "members" WHERE "members"."away_zip" IS NOT NULL AND "members"."email" IS NOT NULL[0m
  ↳ app/views/members/index.html.erb:16
  Rendered members/index.html.erb within layouts/application (Duration: 74.6ms | Allocations: 66420)
  Rendered layouts/_header.html.erb (Duration: 8.1ms | Allocations: 6872)
  [1m[36mProfile Load (0.4ms)[0m  [1m[34mSELECT "profiles".* FROM "profiles" WHERE "profiles"."user_id" = $1 LIMIT $2[0m  [["user_id", 16], ["LIMIT", 1]]
  ↳ app/views/layouts/_navbar.html.erb:11
  Rendered layouts/_navbar.html.erb (Duration: 23.7ms | Allocations: 22102)
  Rendered layouts/_footer.html.erb (Duration: 1.2ms | Allocations: 1811)
  Rendered layout layouts/application.html.erb (Duration: 109.8ms | Allocations: 98864)
Completed 200 OK in 139ms (Views: 106.1ms | ActiveRecord: 12.3ms | Allocations: 104230)


Started GET "/users" for 127.0.0.1 at 2022-02-09 08:38:57 -0500
Processing by UsersController#index as HTML
  [1m[36mUser Load (0.3ms)[0m  [1m[34mSELECT "users".* FROM "users" WHERE "users"."id" = $1 ORDER BY "users"."id" ASC LIMIT $2[0m  [["id", 16], ["LIMIT", 1]]
  Rendering layout layouts/application.html.erb
  Rendering users/index.html.erb within layouts/application
  [1m[36mUser Load (2.0ms)[0m  [1m[34mSELECT "users".* FROM "users" ORDER BY "users"."last_name" ASC[0m
  ↳ app/views/users/index.html.erb:4
  [1m[36mUser Load (0.3ms)[0m  [1m[34mSELECT "users".* FROM "users" WHERE "users"."role" = $1 ORDER BY "users"."last_name" ASC[0m  [["role", 1]]
  ↳ app/views/users/index.html.erb:12
  [1m[36mUser Load (0.3ms)[0m  [1m[34mSELECT "users".* FROM "users" WHERE "users"."role" = $1 ORDER BY "users"."last_name" ASC[0m  [["role", 3]]
  ↳ app/views/users/index.html.erb:21
  [1m[36mUser Load (0.2ms)[0m  [1m[34mSELECT "users".* FROM "users" WHERE "users"."role" = $1 ORDER BY "users"."last_name" ASC[0m  [["role", 2]]
  ↳ app/views/users/index.html.erb:29
  Rendered users/index.html.erb within layouts/application (Duration: 12.2ms | Allocations: 13734)
  Rendered layouts/_header.html.erb (Duration: 0.9ms | Allocations: 938)
  [1m[36mProfile Load (0.3ms)[0m  [1m[34mSELECT "profiles".* FROM "profiles" WHERE "profiles"."user_id" = $1 LIMIT $2[0m  [["user_id", 16], ["LIMIT", 1]]
  ↳ app/views/layouts/_navbar.html.erb:11
  Rendered layouts/_navbar.html.erb (Duration: 2.2ms | Allocations: 1710)
  Rendered layouts/_footer.html.erb (Duration: 0.6ms | Allocations: 1503)
  Rendered layout layouts/application.html.erb (Duration: 16.9ms | Allocations: 18460)
Completed 200 OK in 21ms (Views: 15.0ms | ActiveRecord: 3.4ms | Allocations: 21355)


Started GET "/" for 127.0.0.1 at 2022-02-09 11:05:20 -0500

ArgumentError - Unknown validator: 'CaseSensitiveValidator':
  app/models/user.rb:38:in `<class:User>'
  app/models/user.rb:33:in `<top (required)>'
  config/routes.rb:48:in `block in <top (required)>'
  config/routes.rb:3:in `<top (required)>'

Started POST "/__better_errors/727f31ece471e314/variables" for 127.0.0.1 at 2022-02-09 11:05:20 -0500
Started GET "/" for 127.0.0.1 at 2022-02-09 16:44:21 -0500
Processing by HomeController#index as HTML
  [1m[36mEvent Load (0.2ms)[0m  [1m[34mSELECT "events".* FROM "events" WHERE "events"."id" = $1 LIMIT $2[0m  [["id", 11], ["LIMIT", 1]]
  ↳ app/controllers/home_controller.rb:5:in `index'
  [1m[36mLink Load (0.3ms)[0m  [1m[34mSELECT "links".* FROM "links" WHERE "links"."event" = $1 LIMIT $2[0m  [["event", "worship"], ["LIMIT", 1]]
  ↳ app/controllers/home_controller.rb:7:in `index'
  [1m[36mLink Load (0.2ms)[0m  [1m[34mSELECT "links".* FROM "links" WHERE "links"."event" = $1 LIMIT $2[0m  [["event", "bulletin"], ["LIMIT", 1]]
  ↳ app/controllers/home_controller.rb:8:in `index'
  [1m[36mLink Load (0.2ms)[0m  [1m[34mSELECT "links".* FROM "links" WHERE "links"."event" = $1 LIMIT $2[0m  [["event", "wine_time"], ["LIMIT", 1]]
  ↳ app/controllers/home_controller.rb:9:in `index'
  [1m[36mLink Load (0.2ms)[0m  [1m[34mSELECT "links".* FROM "links" WHERE "links"."event" = $1 LIMIT $2[0m  [["event", "coffee"], ["LIMIT", 1]]
  ↳ app/controllers/home_controller.rb:10:in `index'
  [1m[36mLink Load (0.2ms)[0m  [1m[34mSELECT "links".* FROM "links" WHERE "links"."event" = $1 LIMIT $2[0m  [["event", "evening_bible"], ["LIMIT", 1]]
  ↳ app/controllers/home_controller.rb:11:in `index'
  [1m[36mPathway Load (0.4ms)[0m  [1m[34mSELECT "pathways".* FROM "pathways" ORDER BY created_at DESC LIMIT $1[0m  [["LIMIT", 1]]
  ↳ app/controllers/home_controller.rb:12:in `index'
  Rendering layout layouts/application.html.erb
  Rendering home/index.html.erb within layouts/application
  Rendered home/index.html.erb within layouts/application (Duration: 14.5ms | Allocations: 10976)
  Rendered layout layouts/application.html.erb (Duration: 14.6ms | Allocations: 11033)
Completed 500 Internal Server Error in 58ms (ActiveRecord: 12.5ms | Allocations: 43706)



NameError - undefined local variable or method `worship_index_path' for #<ActionView::Base:0x00000000077330>:
  app/views/home/index.html.erb:34

Started POST "/__better_errors/3b238de084c5b0b0/variables" for 127.0.0.1 at 2022-02-09 16:44:21 -0500
  [1m[36mEnsFeed Load (1.0ms)[0m  [1m[34mSELECT "ens_feeds".* FROM "ens_feeds" /* loading for inspect */ ORDER BY published_at DESC LIMIT $1[0m  [["LIMIT", 6]]
  ↳ (eval):72:in `block in render'
  [1m[36mCACHE EnsFeed Load (0.0ms)[0m  [1m[34mSELECT "ens_feeds".* FROM "ens_feeds" /* loading for inspect */ ORDER BY published_at DESC LIMIT $1[0m  [["LIMIT", 6]]
  ↳ (eval):72:in `block in render'
Started GET "/" for 127.0.0.1 at 2022-02-09 16:44:33 -0500
Processing by HomeController#index as HTML
  [1m[36mEvent Load (0.3ms)[0m  [1m[34mSELECT "events".* FROM "events" WHERE "events"."id" = $1 LIMIT $2[0m  [["id", 11], ["LIMIT", 1]]
  ↳ app/controllers/home_controller.rb:5:in `index'
  [1m[36mLink Load (0.2ms)[0m  [1m[34mSELECT "links".* FROM "links" WHERE "links"."event" = $1 LIMIT $2[0m  [["event", "worship"], ["LIMIT", 1]]
  ↳ app/controllers/home_controller.rb:7:in `index'
  [1m[36mLink Load (0.2ms)[0m  [1m[34mSELECT "links".* FROM "links" WHERE "links"."event" = $1 LIMIT $2[0m  [["event", "bulletin"], ["LIMIT", 1]]
  ↳ app/controllers/home_controller.rb:8:in `index'
  [1m[36mLink Load (0.2ms)[0m  [1m[34mSELECT "links".* FROM "links" WHERE "links"."event" = $1 LIMIT $2[0m  [["event", "wine_time"], ["LIMIT", 1]]
  ↳ app/controllers/home_controller.rb:9:in `index'
  [1m[36mLink Load (0.1ms)[0m  [1m[34mSELECT "links".* FROM "links" WHERE "links"."event" = $1 LIMIT $2[0m  [["event", "coffee"], ["LIMIT", 1]]
  ↳ app/controllers/home_controller.rb:10:in `index'
  [1m[36mLink Load (0.1ms)[0m  [1m[34mSELECT "links".* FROM "links" WHERE "links"."event" = $1 LIMIT $2[0m  [["event", "evening_bible"], ["LIMIT", 1]]
  ↳ app/controllers/home_controller.rb:11:in `index'
  [1m[36mPathway Load (0.2ms)[0m  [1m[34mSELECT "pathways".* FROM "pathways" ORDER BY created_at DESC LIMIT $1[0m  [["LIMIT", 1]]
  ↳ app/controllers/home_controller.rb:12:in `index'
  Rendering layout layouts/application.html.erb
  Rendering home/index.html.erb within layouts/application
  Rendered home/index.html.erb within layouts/application (Duration: 12.4ms | Allocations: 8763)
  Rendered layout layouts/application.html.erb (Duration: 12.5ms | Allocations: 8815)
Completed 500 Internal Server Error in 19ms (ActiveRecord: 1.3ms | Allocations: 13036)



NameError - undefined local variable or method `worship_index_path' for #<ActionView::Base:0x000000000773a8>:
  app/views/home/index.html.erb:34

Started POST "/__better_errors/5494e4745624d039/variables" for 127.0.0.1 at 2022-02-09 16:44:33 -0500
  [1m[36mEnsFeed Load (0.5ms)[0m  [1m[34mSELECT "ens_feeds".* FROM "ens_feeds" /* loading for inspect */ ORDER BY published_at DESC LIMIT $1[0m  [["LIMIT", 6]]
  ↳ (eval):72:in `block in render'
  [1m[36mCACHE EnsFeed Load (0.0ms)[0m  [1m[34mSELECT "ens_feeds".* FROM "ens_feeds" /* loading for inspect */ ORDER BY published_at DESC LIMIT $1[0m  [["LIMIT", 6]]
  ↳ (eval):72:in `block in render'
Started GET "/" for 127.0.0.1 at 2022-02-09 16:44:34 -0500
Processing by HomeController#index as HTML
  [1m[36mEvent Load (1.0ms)[0m  [1m[34mSELECT "events".* FROM "events" WHERE "events"."id" = $1 LIMIT $2[0m  [["id", 11], ["LIMIT", 1]]
  ↳ app/controllers/home_controller.rb:5:in `index'
  [1m[36mLink Load (0.5ms)[0m  [1m[34mSELECT "links".* FROM "links" WHERE "links"."event" = $1 LIMIT $2[0m  [["event", "worship"], ["LIMIT", 1]]
  ↳ app/controllers/home_controller.rb:7:in `index'
  [1m[36mLink Load (0.4ms)[0m  [1m[34mSELECT "links".* FROM "links" WHERE "links"."event" = $1 LIMIT $2[0m  [["event", "bulletin"], ["LIMIT", 1]]
  ↳ app/controllers/home_controller.rb:8:in `index'
  [1m[36mLink Load (0.3ms)[0m  [1m[34mSELECT "links".* FROM "links" WHERE "links"."event" = $1 LIMIT $2[0m  [["event", "wine_time"], ["LIMIT", 1]]
  ↳ app/controllers/home_controller.rb:9:in `index'
  [1m[36mLink Load (0.4ms)[0m  [1m[34mSELECT "links".* FROM "links" WHERE "links"."event" = $1 LIMIT $2[0m  [["event", "coffee"], ["LIMIT", 1]]
  ↳ app/controllers/home_controller.rb:10:in `index'
  [1m[36mLink Load (0.4ms)[0m  [1m[34mSELECT "links".* FROM "links" WHERE "links"."event" = $1 LIMIT $2[0m  [["event", "evening_bible"], ["LIMIT", 1]]
  ↳ app/controllers/home_controller.rb:11:in `index'
  [1m[36mPathway Load (0.4ms)[0m  [1m[34mSELECT "pathways".* FROM "pathways" ORDER BY created_at DESC LIMIT $1[0m  [["LIMIT", 1]]
  ↳ app/controllers/home_controller.rb:12:in `index'
  Rendering layout layouts/application.html.erb
  Rendering home/index.html.erb within layouts/application
  Rendered home/index.html.erb within layouts/application (Duration: 21.0ms | Allocations: 8764)
  Rendered layout layouts/application.html.erb (Duration: 21.2ms | Allocations: 8817)
Completed 500 Internal Server Error in 38ms (ActiveRecord: 3.4ms | Allocations: 13058)



NameError - undefined local variable or method `worship_index_path' for #<ActionView::Base:0x00000000077470>:
  app/views/home/index.html.erb:34

Started POST "/__better_errors/d105c9efd029f587/variables" for 127.0.0.1 at 2022-02-09 16:44:34 -0500
  [1m[36mEnsFeed Load (0.6ms)[0m  [1m[34mSELECT "ens_feeds".* FROM "ens_feeds" /* loading for inspect */ ORDER BY published_at DESC LIMIT $1[0m  [["LIMIT", 6]]
  ↳ (eval):72:in `block in render'
  [1m[36mCACHE EnsFeed Load (0.1ms)[0m  [1m[34mSELECT "ens_feeds".* FROM "ens_feeds" /* loading for inspect */ ORDER BY published_at DESC LIMIT $1[0m  [["LIMIT", 6]]
  ↳ (eval):72:in `block in render'
Started GET "/" for 127.0.0.1 at 2022-02-09 16:47:38 -0500
Processing by HomeController#index as HTML
  [1m[36mEvent Load (0.1ms)[0m  [1m[34mSELECT "events".* FROM "events" WHERE "events"."id" = $1 LIMIT $2[0m  [["id", 11], ["LIMIT", 1]]
  ↳ app/controllers/home_controller.rb:5:in `index'
  [1m[36mLink Load (0.1ms)[0m  [1m[34mSELECT "links".* FROM "links" WHERE "links"."event" = $1 LIMIT $2[0m  [["event", "worship"], ["LIMIT", 1]]
  ↳ app/controllers/home_controller.rb:7:in `index'
  [1m[36mLink Load (0.2ms)[0m  [1m[34mSELECT "links".* FROM "links" WHERE "links"."event" = $1 LIMIT $2[0m  [["event", "bulletin"], ["LIMIT", 1]]
  ↳ app/controllers/home_controller.rb:8:in `index'
  [1m[36mLink Load (0.2ms)[0m  [1m[34mSELECT "links".* FROM "links" WHERE "links"."event" = $1 LIMIT $2[0m  [["event", "wine_time"], ["LIMIT", 1]]
  ↳ app/controllers/home_controller.rb:9:in `index'
  [1m[36mLink Load (0.2ms)[0m  [1m[34mSELECT "links".* FROM "links" WHERE "links"."event" = $1 LIMIT $2[0m  [["event", "coffee"], ["LIMIT", 1]]
  ↳ app/controllers/home_controller.rb:10:in `index'
  [1m[36mLink Load (0.2ms)[0m  [1m[34mSELECT "links".* FROM "links" WHERE "links"."event" = $1 LIMIT $2[0m  [["event", "evening_bible"], ["LIMIT", 1]]
  ↳ app/controllers/home_controller.rb:11:in `index'
  [1m[36mPathway Load (0.2ms)[0m  [1m[34mSELECT "pathways".* FROM "pathways" ORDER BY created_at DESC LIMIT $1[0m  [["LIMIT", 1]]
  ↳ app/controllers/home_controller.rb:12:in `index'
  Rendering layout layouts/application.html.erb
  Rendering home/index.html.erb within layouts/application
  Rendered home/index.html.erb within layouts/application (Duration: 13.4ms | Allocations: 12121)
  Rendered layout layouts/application.html.erb (Duration: 13.6ms | Allocations: 12178)
Completed 500 Internal Server Error in 41ms (ActiveRecord: 7.5ms | Allocations: 32315)



NameError - undefined local variable or method `worship_path' for #<ActionView::Base:0x00000000090588>
Did you mean?  worship_index_path:
  app/views/home/index.html.erb:34

Started POST "/__better_errors/b169dabc47c7ed40/variables" for 127.0.0.1 at 2022-02-09 16:47:39 -0500
  [1m[36mEnsFeed Load (0.5ms)[0m  [1m[34mSELECT "ens_feeds".* FROM "ens_feeds" /* loading for inspect */ ORDER BY published_at DESC LIMIT $1[0m  [["LIMIT", 6]]
  ↳ (eval):72:in `block in render'
  [1m[36mCACHE EnsFeed Load (0.0ms)[0m  [1m[34mSELECT "ens_feeds".* FROM "ens_feeds" /* loading for inspect */ ORDER BY published_at DESC LIMIT $1[0m  [["LIMIT", 6]]
  ↳ (eval):72:in `block in render'
Started GET "/" for 127.0.0.1 at 2022-02-09 16:47:39 -0500
Processing by HomeController#index as HTML
  [1m[36mEvent Load (0.4ms)[0m  [1m[34mSELECT "events".* FROM "events" WHERE "events"."id" = $1 LIMIT $2[0m  [["id", 11], ["LIMIT", 1]]
  ↳ app/controllers/home_controller.rb:5:in `index'
  [1m[36mLink Load (0.2ms)[0m  [1m[34mSELECT "links".* FROM "links" WHERE "links"."event" = $1 LIMIT $2[0m  [["event", "worship"], ["LIMIT", 1]]
  ↳ app/controllers/home_controller.rb:7:in `index'
  [1m[36mLink Load (0.3ms)[0m  [1m[34mSELECT "links".* FROM "links" WHERE "links"."event" = $1 LIMIT $2[0m  [["event", "bulletin"], ["LIMIT", 1]]
  ↳ app/controllers/home_controller.rb:8:in `index'
  [1m[36mLink Load (0.2ms)[0m  [1m[34mSELECT "links".* FROM "links" WHERE "links"."event" = $1 LIMIT $2[0m  [["event", "wine_time"], ["LIMIT", 1]]
  ↳ app/controllers/home_controller.rb:9:in `index'
  [1m[36mLink Load (0.2ms)[0m  [1m[34mSELECT "links".* FROM "links" WHERE "links"."event" = $1 LIMIT $2[0m  [["event", "coffee"], ["LIMIT", 1]]
  ↳ app/controllers/home_controller.rb:10:in `index'
  [1m[36mLink Load (0.2ms)[0m  [1m[34mSELECT "links".* FROM "links" WHERE "links"."event" = $1 LIMIT $2[0m  [["event", "evening_bible"], ["LIMIT", 1]]
  ↳ app/controllers/home_controller.rb:11:in `index'
  [1m[36mPathway Load (0.3ms)[0m  [1m[34mSELECT "pathways".* FROM "pathways" ORDER BY created_at DESC LIMIT $1[0m  [["LIMIT", 1]]
  ↳ app/controllers/home_controller.rb:12:in `index'
  Rendering layout layouts/application.html.erb
  Rendering home/index.html.erb within layouts/application
  Rendered home/index.html.erb within layouts/application (Duration: 14.3ms | Allocations: 10025)
  Rendered layout layouts/application.html.erb (Duration: 14.4ms | Allocations: 10077)
Completed 500 Internal Server Error in 23ms (ActiveRecord: 1.9ms | Allocations: 14298)



NameError - undefined local variable or method `worship_path' for #<ActionView::Base:0x00000000090600>
Did you mean?  worship_index_path:
  app/views/home/index.html.erb:34

Started POST "/__better_errors/460e9b74b9dd4926/variables" for 127.0.0.1 at 2022-02-09 16:47:39 -0500
  [1m[36mEnsFeed Load (0.4ms)[0m  [1m[34mSELECT "ens_feeds".* FROM "ens_feeds" /* loading for inspect */ ORDER BY published_at DESC LIMIT $1[0m  [["LIMIT", 6]]
  ↳ (eval):72:in `block in render'
  [1m[36mCACHE EnsFeed Load (0.0ms)[0m  [1m[34mSELECT "ens_feeds".* FROM "ens_feeds" /* loading for inspect */ ORDER BY published_at DESC LIMIT $1[0m  [["LIMIT", 6]]
  ↳ (eval):72:in `block in render'
Started GET "/" for 127.0.0.1 at 2022-02-09 16:49:27 -0500
Processing by HomeController#index as HTML
  [1m[36mEvent Load (0.5ms)[0m  [1m[34mSELECT "events".* FROM "events" WHERE "events"."id" = $1 LIMIT $2[0m  [["id", 11], ["LIMIT", 1]]
  ↳ app/controllers/home_controller.rb:5:in `index'
  [1m[36mLink Load (0.3ms)[0m  [1m[34mSELECT "links".* FROM "links" WHERE "links"."event" = $1 LIMIT $2[0m  [["event", "worship"], ["LIMIT", 1]]
  ↳ app/controllers/home_controller.rb:7:in `index'
  [1m[36mLink Load (0.4ms)[0m  [1m[34mSELECT "links".* FROM "links" WHERE "links"."event" = $1 LIMIT $2[0m  [["event", "bulletin"], ["LIMIT", 1]]
  ↳ app/controllers/home_controller.rb:8:in `index'
  [1m[36mLink Load (0.3ms)[0m  [1m[34mSELECT "links".* FROM "links" WHERE "links"."event" = $1 LIMIT $2[0m  [["event", "wine_time"], ["LIMIT", 1]]
  ↳ app/controllers/home_controller.rb:9:in `index'
  [1m[36mLink Load (0.2ms)[0m  [1m[34mSELECT "links".* FROM "links" WHERE "links"."event" = $1 LIMIT $2[0m  [["event", "coffee"], ["LIMIT", 1]]
  ↳ app/controllers/home_controller.rb:10:in `index'
  [1m[36mLink Load (0.3ms)[0m  [1m[34mSELECT "links".* FROM "links" WHERE "links"."event" = $1 LIMIT $2[0m  [["event", "evening_bible"], ["LIMIT", 1]]
  ↳ app/controllers/home_controller.rb:11:in `index'
  [1m[36mPathway Load (0.3ms)[0m  [1m[34mSELECT "pathways".* FROM "pathways" ORDER BY created_at DESC LIMIT $1[0m  [["LIMIT", 1]]
  ↳ app/controllers/home_controller.rb:12:in `index'
  Rendering layout layouts/application.html.erb
  Rendering home/index.html.erb within layouts/application
  [1m[36mEnsFeed Load (0.6ms)[0m  [1m[34mSELECT "ens_feeds".* FROM "ens_feeds" ORDER BY published_at DESC LIMIT $1[0m  [["LIMIT", 6]]
  ↳ app/views/home/index.html.erb:177
  Rendered home/index.html.erb within layouts/application (Duration: 7.0ms | Allocations: 4744)
  Rendered layouts/_header.html.erb (Duration: 1.5ms | Allocations: 1329)
  [1m[36mUser Load (0.4ms)[0m  [1m[34mSELECT "users".* FROM "users" WHERE "users"."id" = $1 ORDER BY "users"."id" ASC LIMIT $2[0m  [["id", 16], ["LIMIT", 1]]
  ↳ app/views/layouts/_navbar.html.erb:4
  [1m[36mProfile Load (0.4ms)[0m  [1m[34mSELECT "profiles".* FROM "profiles" WHERE "profiles"."user_id" = $1 LIMIT $2[0m  [["user_id", 16], ["LIMIT", 1]]
  ↳ app/views/layouts/_navbar.html.erb:11
  Rendered layouts/_navbar.html.erb (Duration: 23.7ms | Allocations: 18696)
  Rendered layouts/_footer.html.erb (Duration: 1.8ms | Allocations: 1775)
  Rendered layout layouts/application.html.erb (Duration: 35.9ms | Allocations: 27968)
Completed 200 OK in 51ms (Views: 32.0ms | ActiveRecord: 8.6ms | Allocations: 33124)


Started GET "/worship" for 127.0.0.1 at 2022-02-09 16:49:48 -0500
Processing by WorshipController#index as HTML
  Rendering layout layouts/application.html.erb
  Rendering worship/index.html.erb within layouts/application
  Rendered worship/index.html.erb within layouts/application (Duration: 1.7ms | Allocations: 997)
  Rendered layouts/_header.html.erb (Duration: 0.9ms | Allocations: 859)
  [1m[36mUser Load (0.4ms)[0m  [1m[34mSELECT "users".* FROM "users" WHERE "users"."id" = $1 ORDER BY "users"."id" ASC LIMIT $2[0m  [["id", 16], ["LIMIT", 1]]
  ↳ app/views/layouts/_navbar.html.erb:4
  [1m[36mProfile Load (0.3ms)[0m  [1m[34mSELECT "profiles".* FROM "profiles" WHERE "profiles"."user_id" = $1 LIMIT $2[0m  [["user_id", 16], ["LIMIT", 1]]
  ↳ app/views/layouts/_navbar.html.erb:11
  Rendered layouts/_navbar.html.erb (Duration: 4.7ms | Allocations: 2719)
  Rendered layouts/_footer.html.erb (Duration: 0.6ms | Allocations: 1503)
  Rendered layout layouts/application.html.erb (Duration: 9.1ms | Allocations: 6632)
Completed 200 OK in 11ms (Views: 9.9ms | ActiveRecord: 0.6ms | Allocations: 8011)


Started GET "/worship/tickets" for 127.0.0.1 at 2022-02-09 16:51:50 -0500
  
ActionController::RoutingError (No route matches [GET] "/worship/tickets"):
  
Started GET "/tickets" for 127.0.0.1 at 2022-02-09 16:51:59 -0500
Processing by TicketsController#index as HTML
  [1m[36mUser Load (0.2ms)[0m  [1m[34mSELECT "users".* FROM "users" WHERE "users"."id" = $1 ORDER BY "users"."id" ASC LIMIT $2[0m  [["id", 16], ["LIMIT", 1]]
  Rendering layout layouts/application.html.erb
  Rendering tickets/index.html.erb within layouts/application
  [1m[36mTicket Sum (1.3ms)[0m  [1m[34mSELECT SUM("tickets"."quantity") FROM "tickets" WHERE "tickets"."event_id" = $1 AND "tickets"."checkout" = $2[0m  [["event_id", 11], ["checkout", "paid"]]
  ↳ app/views/tickets/index.html.erb:4
  [1m[36mTicket Load (0.3ms)[0m  [1m[34mSELECT "tickets".* FROM "tickets" WHERE "tickets"."event_id" = $1 AND "tickets"."checkout" = $2 ORDER BY "tickets"."last_name" ASC[0m  [["event_id", 11], ["checkout", "paid"]]
  ↳ app/views/tickets/index.html.erb:8
  Rendered tickets/index.html.erb within layouts/application (Duration: 10.2ms | Allocations: 7326)
  Rendered layouts/_header.html.erb (Duration: 0.8ms | Allocations: 938)
  [1m[36mProfile Load (0.2ms)[0m  [1m[34mSELECT "profiles".* FROM "profiles" WHERE "profiles"."user_id" = $1 LIMIT $2[0m  [["user_id", 16], ["LIMIT", 1]]
  ↳ app/views/layouts/_navbar.html.erb:11
  Rendered layouts/_navbar.html.erb (Duration: 2.1ms | Allocations: 1739)
  Rendered layouts/_footer.html.erb (Duration: 0.6ms | Allocations: 1482)
  Rendered layout layouts/application.html.erb (Duration: 14.6ms | Allocations: 12059)
Completed 200 OK in 23ms (Views: 12.7ms | ActiveRecord: 4.3ms | Allocations: 18749)


Started GET "/links" for 127.0.0.1 at 2022-02-09 17:10:54 -0500
Processing by LinksController#index as HTML
  [1m[36mUser Load (0.4ms)[0m  [1m[34mSELECT "users".* FROM "users" WHERE "users"."id" = $1 ORDER BY "users"."id" ASC LIMIT $2[0m  [["id", 16], ["LIMIT", 1]]
  [1m[36mLink Load (0.4ms)[0m  [1m[34mSELECT "links".* FROM "links" WHERE "links"."event" = $1 LIMIT $2[0m  [["event", "worship"], ["LIMIT", 1]]
  ↳ app/controllers/links_controller.rb:11:in `index'
  [1m[36mLink Load (0.2ms)[0m  [1m[34mSELECT "links".* FROM "links" WHERE "links"."event" = $1 LIMIT $2[0m  [["event", "bulletin"], ["LIMIT", 1]]
  ↳ app/controllers/links_controller.rb:12:in `index'
  [1m[36mLink Load (0.2ms)[0m  [1m[34mSELECT "links".* FROM "links" WHERE "links"."event" = $1 LIMIT $2[0m  [["event", "wine_time"], ["LIMIT", 1]]
  ↳ app/controllers/links_controller.rb:13:in `index'
  Rendering layout layouts/application.html.erb
  Rendering links/index.html.erb within layouts/application
  [1m[36mLink Load (0.8ms)[0m  [1m[34mSELECT "links".* FROM "links"[0m
  ↳ app/views/links/index.html.erb:3
  Rendered links/index.html.erb within layouts/application (Duration: 8.3ms | Allocations: 1290)
  Rendered layouts/_header.html.erb (Duration: 4.1ms | Allocations: 904)
  [1m[36mProfile Load (1.7ms)[0m  [1m[34mSELECT "profiles".* FROM "profiles" WHERE "profiles"."user_id" = $1 LIMIT $2[0m  [["user_id", 16], ["LIMIT", 1]]
  ↳ app/views/layouts/_navbar.html.erb:11
  Rendered layouts/_navbar.html.erb (Duration: 12.5ms | Allocations: 1770)
  Rendered layouts/_footer.html.erb (Duration: 3.2ms | Allocations: 1503)
  Rendered layout layouts/application.html.erb (Duration: 31.4ms | Allocations: 6027)
Completed 200 OK in 50ms (Views: 30.4ms | ActiveRecord: 7.5ms | Allocations: 12914)


Started GET "/links/5/edit" for 127.0.0.1 at 2022-02-09 17:10:58 -0500
Processing by LinksController#edit as HTML
  Parameters: {"id"=>"5"}
  [1m[36mUser Load (0.3ms)[0m  [1m[34mSELECT "users".* FROM "users" WHERE "users"."id" = $1 ORDER BY "users"."id" ASC LIMIT $2[0m  [["id", 16], ["LIMIT", 1]]
  [1m[36mLink Load (0.2ms)[0m  [1m[34mSELECT "links".* FROM "links" WHERE "links"."id" = $1 LIMIT $2[0m  [["id", 5], ["LIMIT", 1]]
  ↳ app/controllers/links_controller.rb:25:in `edit'
  Rendering layout layouts/application.html.erb
  Rendering links/edit.html.erb within layouts/application
  Rendered links/_form.html.erb (Duration: 44.5ms | Allocations: 19187)
  Rendered links/edit.html.erb within layouts/application (Duration: 45.3ms | Allocations: 19583)
  Rendered layouts/_header.html.erb (Duration: 0.8ms | Allocations: 883)
  [1m[36mProfile Load (0.3ms)[0m  [1m[34mSELECT "profiles".* FROM "profiles" WHERE "profiles"."user_id" = $1 LIMIT $2[0m  [["user_id", 16], ["LIMIT", 1]]
  ↳ app/views/layouts/_navbar.html.erb:11
  Rendered layouts/_navbar.html.erb (Duration: 2.3ms | Allocations: 1760)
  Rendered layouts/_footer.html.erb (Duration: 0.7ms | Allocations: 1472)
  Rendered layout layouts/application.html.erb (Duration: 49.8ms | Allocations: 24146)
Completed 200 OK in 55ms (Views: 49.9ms | ActiveRecord: 0.9ms | Allocations: 27819)


Started GET "/" for 127.0.0.1 at 2022-02-10 08:03:10 -0500
  [1m[36mActiveRecord::SchemaMigration Pluck (0.6ms)[0m  [1m[34mSELECT "schema_migrations"."version" FROM "schema_migrations" ORDER BY "schema_migrations"."version" ASC[0m
Processing by HomeController#index as HTML
  [1m[36mEvent Load (0.2ms)[0m  [1m[34mSELECT "events".* FROM "events" WHERE "events"."id" = $1 LIMIT $2[0m  [["id", 11], ["LIMIT", 1]]
  ↳ app/controllers/home_controller.rb:5:in `index'
  [1m[36mLink Load (0.3ms)[0m  [1m[34mSELECT "links".* FROM "links" WHERE "links"."event" = $1 LIMIT $2[0m  [["event", "worship"], ["LIMIT", 1]]
  ↳ app/controllers/home_controller.rb:7:in `index'
  [1m[36mLink Load (0.2ms)[0m  [1m[34mSELECT "links".* FROM "links" WHERE "links"."event" = $1 LIMIT $2[0m  [["event", "bulletin"], ["LIMIT", 1]]
  ↳ app/controllers/home_controller.rb:8:in `index'
  [1m[36mLink Load (0.2ms)[0m  [1m[34mSELECT "links".* FROM "links" WHERE "links"."event" = $1 LIMIT $2[0m  [["event", "wine_time"], ["LIMIT", 1]]
  ↳ app/controllers/home_controller.rb:9:in `index'
  [1m[36mLink Load (0.1ms)[0m  [1m[34mSELECT "links".* FROM "links" WHERE "links"."event" = $1 LIMIT $2[0m  [["event", "coffee"], ["LIMIT", 1]]
  ↳ app/controllers/home_controller.rb:10:in `index'
  [1m[36mLink Load (0.2ms)[0m  [1m[34mSELECT "links".* FROM "links" WHERE "links"."event" = $1 LIMIT $2[0m  [["event", "evening_bible"], ["LIMIT", 1]]
  ↳ app/controllers/home_controller.rb:11:in `index'
  [1m[36mPathway Load (0.4ms)[0m  [1m[34mSELECT "pathways".* FROM "pathways" ORDER BY created_at DESC LIMIT $1[0m  [["LIMIT", 1]]
  ↳ app/controllers/home_controller.rb:12:in `index'
  Rendering layout layouts/application.html.erb
  Rendering home/index.html.erb within layouts/application
  [1m[36mEnsFeed Load (0.5ms)[0m  [1m[34mSELECT "ens_feeds".* FROM "ens_feeds" ORDER BY published_at DESC LIMIT $1[0m  [["LIMIT", 6]]
  ↳ app/views/home/index.html.erb:177
  Rendered home/index.html.erb within layouts/application (Duration: 17.6ms | Allocations: 15629)
  Rendered layouts/_header.html.erb (Duration: 1.2ms | Allocations: 1360)
  [1m[36mUser Load (0.3ms)[0m  [1m[34mSELECT "users".* FROM "users" WHERE "users"."id" = $1 ORDER BY "users"."id" ASC LIMIT $2[0m  [["id", 16], ["LIMIT", 1]]
  ↳ app/views/layouts/_navbar.html.erb:4
  [1m[36mProfile Load (0.3ms)[0m  [1m[34mSELECT "profiles".* FROM "profiles" WHERE "profiles"."user_id" = $1 LIMIT $2[0m  [["user_id", 16], ["LIMIT", 1]]
  ↳ app/views/layouts/_navbar.html.erb:11
  Rendered layouts/_navbar.html.erb (Duration: 35.3ms | Allocations: 40228)
  Rendered layouts/_footer.html.erb (Duration: 1.1ms | Allocations: 1808)
  Rendered layout layouts/application.html.erb (Duration: 57.2ms | Allocations: 60689)
Completed 200 OK in 107ms (Views: 53.1ms | ActiveRecord: 16.5ms | Allocations: 102625)


Started GET "/sermons/new" for 127.0.0.1 at 2022-02-10 08:03:18 -0500
Processing by SermonsController#new as HTML
  [1m[36mUser Load (0.3ms)[0m  [1m[34mSELECT "users".* FROM "users" WHERE "users"."id" = $1 ORDER BY "users"."id" ASC LIMIT $2[0m  [["id", 16], ["LIMIT", 1]]
  Rendering layout layouts/application.html.erb
  Rendering sermons/new.html.erb within layouts/application
  Rendered sermons/_form.html.erb (Duration: 2.5ms | Allocations: 3994)
  Rendered sermons/new.html.erb within layouts/application (Duration: 3.3ms | Allocations: 4394)
  Rendered layout layouts/application.html.erb (Duration: 3.4ms | Allocations: 4453)
Completed 500 Internal Server Error in 18ms (ActiveRecord: 2.6ms | Allocations: 16461)



ActionView::SyntaxErrorInTemplate - Encountered a syntax error while rendering template: check <div class="row">
  <div class="col-md-12">
    <%= bootstrap_form_with(model: @sermon) do |f| %>
      <%= f.collection_select :homilist_id, Homilist.all, :id, :name, include_blank: true, label: 'Homilist' %>
        <%= f.text_field :title %>
          <%= f.date_field :delivered_on, data: { controller: "flatpickr" } %>%>
            <%= f.text_field :cites %>
              <%= f.rich_text_area :content %>
                <%= f.text_area :sermon_body if :sermon_body %>
                  <%= f.text_field :audio %>
                    <%= f.submit , class: 'btn btn-primary' %>
                      <% end %>
  </div>
</div>:
  app/views/sermons/new.html.erb:4

Started POST "/__better_errors/5465c276670c6694/variables" for 127.0.0.1 at 2022-02-10 08:03:18 -0500
Started GET "/sermons/new" for 127.0.0.1 at 2022-02-10 08:05:56 -0500
Processing by SermonsController#new as HTML
  [1m[36mUser Load (0.4ms)[0m  [1m[34mSELECT "users".* FROM "users" WHERE "users"."id" = $1 ORDER BY "users"."id" ASC LIMIT $2[0m  [["id", 16], ["LIMIT", 1]]
  Rendering layout layouts/application.html.erb
  Rendering sermons/new.html.erb within layouts/application
  Rendered sermons/_form.html.erb (Duration: 1.1ms | Allocations: 3027)
  Rendered sermons/new.html.erb within layouts/application (Duration: 1.6ms | Allocations: 3395)
  Rendered layout layouts/application.html.erb (Duration: 1.8ms | Allocations: 3454)
Completed 500 Internal Server Error in 7ms (ActiveRecord: 0.4ms | Allocations: 6283)



ActionView::SyntaxErrorInTemplate - Encountered a syntax error while rendering template: check <div class="row">
  <div class="col-md-12">
    <%= bootstrap_form_with(model: @sermon) do |f| %>
      <%= f.collection_select :homilist_id, Homilist.all, :id, :name, include_blank: true, label: 'Homilist' %>
        <%= f.text_field :title %>
          <%= f.date_field :delivered_on, data: { controller: "flatpickr" } %>
            <%= f.text_field :cites %>
              <%= f.rich_text_area :content %>
                <%= f.text_area :sermon_body if :sermon_body %>
                  <%= f.text_field :audio %>
                    <%= f.submit , class: 'btn btn-primary' %>
                      <% end %>
  </div>
</div>:
  app/views/sermons/new.html.erb:4

Started POST "/__better_errors/aa75cf2941da6973/variables" for 127.0.0.1 at 2022-02-10 08:05:56 -0500
Started POST "/__better_errors/aa75cf2941da6973/eval" for 127.0.0.1 at 2022-02-10 08:06:13 -0500
Started GET "/sermons/new" for 127.0.0.1 at 2022-02-10 08:08:59 -0500
Processing by SermonsController#new as HTML
  [1m[36mUser Load (0.3ms)[0m  [1m[34mSELECT "users".* FROM "users" WHERE "users"."id" = $1 ORDER BY "users"."id" ASC LIMIT $2[0m  [["id", 16], ["LIMIT", 1]]
  Rendering layout layouts/application.html.erb
  Rendering sermons/new.html.erb within layouts/application
  Rendered sermons/_form.html.erb (Duration: 1.5ms | Allocations: 3027)
  Rendered sermons/new.html.erb within layouts/application (Duration: 2.2ms | Allocations: 3395)
  Rendered layout layouts/application.html.erb (Duration: 2.4ms | Allocations: 3454)
Completed 500 Internal Server Error in 7ms (ActiveRecord: 0.3ms | Allocations: 6288)



ActionView::SyntaxErrorInTemplate - Encountered a syntax error while rendering template: check <div class="row">
  <div class="col-md-12">
    <%= bootstrap_form_with(@sermon) do |f| %>
      <%= f.collection_select :homilist_id, Homilist.all, :id, :name, include_blank: true, label: 'Homilist' %>
        <%= f.text_field :title %>
          <%= f.date_field :delivered_on, data: { controller: "flatpickr" } %>
            <%= f.text_field :cites %>
              <%= f.rich_text_area :content %>
                <%= f.text_area :sermon_body if :sermon_body %>
                  <%= f.text_field :audio %>
                    <%= f.submit , class: 'btn btn-primary' %>
                      <% end %>
  </div>
</div>:
  app/views/sermons/new.html.erb:4

Started POST "/__better_errors/cf5a0dde3f317e0c/variables" for 127.0.0.1 at 2022-02-10 08:08:59 -0500
Started GET "/sermons/new" for 127.0.0.1 at 2022-02-10 08:09:06 -0500
Processing by SermonsController#new as HTML
  [1m[36mUser Load (0.4ms)[0m  [1m[34mSELECT "users".* FROM "users" WHERE "users"."id" = $1 ORDER BY "users"."id" ASC LIMIT $2[0m  [["id", 16], ["LIMIT", 1]]
  Rendering layout layouts/application.html.erb
  Rendering sermons/new.html.erb within layouts/application
  Rendered sermons/_form.html.erb (Duration: 16.3ms | Allocations: 3037)
  Rendered sermons/new.html.erb within layouts/application (Duration: 16.5ms | Allocations: 3108)
  Rendered layout layouts/application.html.erb (Duration: 16.7ms | Allocations: 3161)
Completed 500 Internal Server Error in 21ms (ActiveRecord: 0.4ms | Allocations: 5065)



ActionView::SyntaxErrorInTemplate - Encountered a syntax error while rendering template: check <div class="row">
  <div class="col-md-12">
    <%= bootstrap_form_with(@sermon) do |f| %>
      <%= f.collection_select :homilist_id, Homilist.all, :id, :name, include_blank: true, label: 'Homilist' %>
        <%= f.text_field :title %>
          <%= f.date_field :delivered_on, data: { controller: "flatpickr" } %>
            <%= f.text_field :cites %>
              <%= f.rich_text_area :content %>
                <%= f.text_area :sermon_body if :sermon_body %>
                  <%= f.text_field :audio %>
                    <%= f.submit , class: 'btn btn-primary' %>
                      <% end %>
  </div>
</div>:
  app/views/sermons/new.html.erb:4

Started POST "/__better_errors/fdc7daa37c7a4d56/variables" for 127.0.0.1 at 2022-02-10 08:09:06 -0500
Started GET "/sermons/new" for 127.0.0.1 at 2022-02-10 08:09:07 -0500
Processing by SermonsController#new as HTML
  [1m[36mUser Load (0.5ms)[0m  [1m[34mSELECT "users".* FROM "users" WHERE "users"."id" = $1 ORDER BY "users"."id" ASC LIMIT $2[0m  [["id", 16], ["LIMIT", 1]]
  Rendering layout layouts/application.html.erb
  Rendering sermons/new.html.erb within layouts/application
  Rendered sermons/_form.html.erb (Duration: 1.9ms | Allocations: 3040)
  Rendered sermons/new.html.erb within layouts/application (Duration: 2.1ms | Allocations: 3111)
  Rendered layout layouts/application.html.erb (Duration: 2.2ms | Allocations: 3164)
Completed 500 Internal Server Error in 7ms (ActiveRecord: 0.5ms | Allocations: 5067)



ActionView::SyntaxErrorInTemplate - Encountered a syntax error while rendering template: check <div class="row">
  <div class="col-md-12">
    <%= bootstrap_form_with(@sermon) do |f| %>
      <%= f.collection_select :homilist_id, Homilist.all, :id, :name, include_blank: true, label: 'Homilist' %>
        <%= f.text_field :title %>
          <%= f.date_field :delivered_on, data: { controller: "flatpickr" } %>
            <%= f.text_field :cites %>
              <%= f.rich_text_area :content %>
                <%= f.text_area :sermon_body if :sermon_body %>
                  <%= f.text_field :audio %>
                    <%= f.submit , class: 'btn btn-primary' %>
                      <% end %>
  </div>
</div>:
  app/views/sermons/new.html.erb:4

Started POST "/__better_errors/adcd0b6515c24631/variables" for 127.0.0.1 at 2022-02-10 08:09:07 -0500
Started GET "/sermons/new" for 127.0.0.1 at 2022-02-10 08:11:58 -0500
Processing by SermonsController#new as HTML
  [1m[36mUser Load (0.3ms)[0m  [1m[34mSELECT "users".* FROM "users" WHERE "users"."id" = $1 ORDER BY "users"."id" ASC LIMIT $2[0m  [["id", 16], ["LIMIT", 1]]
  Rendering layout layouts/application.html.erb
  Rendering sermons/new.html.erb within layouts/application
  Rendered sermons/new.html.erb within layouts/application (Duration: 2.1ms | Allocations: 2764)
  Rendered layout layouts/application.html.erb (Duration: 2.3ms | Allocations: 2822)
Completed 500 Internal Server Error in 9ms (ActiveRecord: 0.3ms | Allocations: 5628)



ActionView::SyntaxErrorInTemplate - Encountered a syntax error while rendering template: check <h1>New sermon</h1>
<br>
<%#= render "form" %>
  <%= bootstrap_form_with(@sermon) do |f| %>
    <%= f.collection_select :homilist_id, Homilist.all, :id, :name, include_blank: true, label: 'Homilist' %>
      <%= f.text_field :title %>
        <%= f.date_field :delivered_on, data: { controller: "flatpickr" } %>
          <%= f.text_field :cites %>
            <%= f.rich_text_area :content %>
              <%= f.text_area :sermon_body if :sermon_body %>
                <%= f.text_field :audio %>
                  <%= f.submit , class: 'btn btn-primary' %>
                    <% end %>
                      <div class="mt-5"></div>>
                      <%= link_to 'Back to sermons' , sermons_path %>:

Started POST "/__better_errors/4c34ad409526cc7e/variables" for 127.0.0.1 at 2022-02-10 08:11:58 -0500
Started GET "/sermons/new" for 127.0.0.1 at 2022-02-10 08:14:26 -0500
Processing by SermonsController#new as HTML
  [1m[36mUser Load (0.2ms)[0m  [1m[34mSELECT "users".* FROM "users" WHERE "users"."id" = $1 ORDER BY "users"."id" ASC LIMIT $2[0m  [["id", 16], ["LIMIT", 1]]
  Rendering layout layouts/application.html.erb
  Rendering sermons/new.html.erb within layouts/application
  Rendered sermons/new.html.erb within layouts/application (Duration: 1.0ms | Allocations: 2763)
  Rendered layout layouts/application.html.erb (Duration: 1.1ms | Allocations: 2821)
Completed 500 Internal Server Error in 5ms (ActiveRecord: 0.2ms | Allocations: 5626)



ActionView::SyntaxErrorInTemplate - Encountered a syntax error while rendering template: check <h1>New sermon</h1>
<br>
<%#= render "form" %>
  <%= bootstrap_form_with(@sermon) do |f| %>
    <%= f.collection_select :homilist_id, Homilist.all, :id, :name, include_blank: true, label: 'Homilist' %>
      <%= f.text_field :title %>
        <%= f.date_field :delivered_on, data: { controller: "flatpickr" } %>
          <%= f.text_field :cites %>
            <%= f.rich_text_area :content %>
              <%= f.text_area :sermon_body if :sermon_body %>
                <%= f.text_field :audio %>
                  <%= f.submit , class: "btn btn-primary" %>
                    <% end %>
                      <div class="mt-5"></div>>
                      <%= link_to 'Back to sermons' , sermons_path %>:

Started POST "/__better_errors/7b17380bb0844d09/variables" for 127.0.0.1 at 2022-02-10 08:14:26 -0500
Started GET "/sermons/new" for 127.0.0.1 at 2022-02-10 08:15:32 -0500
Processing by SermonsController#new as HTML
  [1m[36mUser Load (0.3ms)[0m  [1m[34mSELECT "users".* FROM "users" WHERE "users"."id" = $1 ORDER BY "users"."id" ASC LIMIT $2[0m  [["id", 16], ["LIMIT", 1]]
  Rendering layout layouts/application.html.erb
  Rendering sermons/new.html.erb within layouts/application
  Rendered sermons/new.html.erb within layouts/application (Duration: 1.9ms | Allocations: 2763)
  Rendered layout layouts/application.html.erb (Duration: 2.1ms | Allocations: 2821)
Completed 500 Internal Server Error in 9ms (ActiveRecord: 0.3ms | Allocations: 5626)



ActionView::SyntaxErrorInTemplate - Encountered a syntax error while rendering template: check <h1>New sermon</h1>
<br>
<%#= render "form" %>
  <%= bootstrap_form_with(@sermon) do |f| %>
    <%= f.collection_select :homilist_id, Homilist.all, :id, :name, include_blank: true, label: 'Homilist' %>
      <%= f.text_field :title %>
        <%= f.date_field :delivered_on, data: { controller: "flatpickr" } %>
          <%= f.text_field :cites %>
            <%= f.rich_text_area :content %>
              <%= f.text_area :sermon_body if :sermon_body %>
                <%= f.text_field :audio %>
                  <%= f.submit , class: "btn btn-primary" %>
                    <% end %>
                      <div class="mt-5"></div>>
                      <%= link_to 'Back to sermons' , sermons_path %>:

Started POST "/__better_errors/2a85b384f785f96c/variables" for 127.0.0.1 at 2022-02-10 08:15:32 -0500
Started GET "/sermons/new" for 127.0.0.1 at 2022-02-10 08:16:30 -0500
Processing by SermonsController#new as HTML
  [1m[36mUser Load (0.6ms)[0m  [1m[34mSELECT "users".* FROM "users" WHERE "users"."id" = $1 ORDER BY "users"."id" ASC LIMIT $2[0m  [["id", 16], ["LIMIT", 1]]
  Rendering layout layouts/application.html.erb
  Rendering sermons/new.html.erb within layouts/application
  Rendered sermons/new.html.erb within layouts/application (Duration: 35.9ms | Allocations: 19712)
  Rendered layout layouts/application.html.erb (Duration: 36.1ms | Allocations: 19778)
Completed 500 Internal Server Error in 46ms (ActiveRecord: 0.6ms | Allocations: 22586)



NoMethodError - undefined method `reverse_merge!' for #<Sermon id: nil, title: nil, cites: nil, sermon_body: nil, created_at: nil, updated_at: nil, homilist_id: nil, delivered_on: nil, audio: nil>:
  app/views/sermons/new.html.erb:4

Started POST "/__better_errors/d74f9a5c4f928e89/variables" for 127.0.0.1 at 2022-02-10 08:16:30 -0500
Started GET "/sermons/new" for 127.0.0.1 at 2022-02-10 08:17:41 -0500
Processing by SermonsController#new as HTML
  [1m[36mUser Load (0.3ms)[0m  [1m[34mSELECT "users".* FROM "users" WHERE "users"."id" = $1 ORDER BY "users"."id" ASC LIMIT $2[0m  [["id", 16], ["LIMIT", 1]]
  Rendering layout layouts/application.html.erb
  Rendering sermons/new.html.erb within layouts/application
  Rendered sermons/_form.html.erb (Duration: 12.5ms | Allocations: 9979)
  Rendered sermons/new.html.erb within layouts/application (Duration: 13.2ms | Allocations: 10342)
  Rendered layout layouts/application.html.erb (Duration: 13.2ms | Allocations: 10399)
Completed 500 Internal Server Error in 18ms (ActiveRecord: 0.3ms | Allocations: 13206)



NoMethodError - undefined method `reverse_merge!' for #<Sermon id: nil, title: nil, cites: nil, sermon_body: nil, created_at: nil, updated_at: nil, homilist_id: nil, delivered_on: nil, audio: nil>:
  app/views/sermons/_form.html.erb:4
  app/views/sermons/new.html.erb:3

Started POST "/__better_errors/7e3efd0a08bdcf35/variables" for 127.0.0.1 at 2022-02-10 08:17:41 -0500
Started GET "/sermons/new" for 127.0.0.1 at 2022-02-10 08:18:33 -0500
Processing by SermonsController#new as HTML
  [1m[36mUser Load (0.2ms)[0m  [1m[34mSELECT "users".* FROM "users" WHERE "users"."id" = $1 ORDER BY "users"."id" ASC LIMIT $2[0m  [["id", 16], ["LIMIT", 1]]
  Rendering layout layouts/application.html.erb
  Rendering sermons/new.html.erb within layouts/application
  [1m[36mHomilist Load (1.0ms)[0m  [1m[34mSELECT "homilists".* FROM "homilists"[0m
  ↳ app/views/sermons/_form.html.erb:6
  Rendered sermons/_form.html.erb (Duration: 54.2ms | Allocations: 41559)
  Rendered sermons/new.html.erb within layouts/application (Duration: 54.8ms | Allocations: 41983)
  Rendered layouts/_header.html.erb (Duration: 1.3ms | Allocations: 1369)
  [1m[36mProfile Load (0.2ms)[0m  [1m[34mSELECT "profiles".* FROM "profiles" WHERE "profiles"."user_id" = $1 LIMIT $2[0m  [["user_id", 16], ["LIMIT", 1]]
  ↳ app/views/layouts/_navbar.html.erb:11
  Rendered layouts/_navbar.html.erb (Duration: 3.6ms | Allocations: 3199)
  Rendered layouts/_footer.html.erb (Duration: 1.1ms | Allocations: 1765)
  Rendered layout layouts/application.html.erb (Duration: 62.7ms | Allocations: 49753)
Completed 200 OK in 67ms (Views: 58.3ms | ActiveRecord: 5.9ms | Allocations: 52613)


Started GET "/events/11/tickets/new" for 127.0.0.1 at 2022-02-10 13:19:18 -0500
Processing by TicketsController#new as HTML
  Parameters: {"event_id"=>"11"}
  [1m[36mEvent Load (1.2ms)[0m  [1m[34mSELECT "events".* FROM "events" WHERE "events"."id" = $1 LIMIT $2[0m  [["id", 11], ["LIMIT", 1]]
  ↳ app/controllers/tickets_controller.rb:37:in `set_event'
  Rendering layout layouts/application.html.erb
  Rendering tickets/new.html.erb within layouts/application
  Rendered tickets/new.html.erb within layouts/application (Duration: 55.4ms | Allocations: 6316)
  Rendered layouts/_header.html.erb (Duration: 3.8ms | Allocations: 912)
  [1m[36mUser Load (1.8ms)[0m  [1m[34mSELECT "users".* FROM "users" WHERE "users"."id" = $1 ORDER BY "users"."id" ASC LIMIT $2[0m  [["id", 16], ["LIMIT", 1]]
  ↳ app/views/layouts/_navbar.html.erb:4
  [1m[36mProfile Load (1.5ms)[0m  [1m[34mSELECT "profiles".* FROM "profiles" WHERE "profiles"."user_id" = $1 LIMIT $2[0m  [["user_id", 16], ["LIMIT", 1]]
  ↳ app/views/layouts/_navbar.html.erb:11
  Rendered layouts/_navbar.html.erb (Duration: 18.8ms | Allocations: 2780)
  Rendered layouts/_footer.html.erb (Duration: 2.5ms | Allocations: 1481)
  Rendered layout layouts/application.html.erb (Duration: 83.8ms | Allocations: 12028)
Completed 200 OK in 208ms (Views: 85.3ms | ActiveRecord: 38.6ms | Allocations: 27551)


Started GET "/" for 127.0.0.1 at 2022-02-10 13:20:03 -0500
Processing by HomeController#index as HTML
  [1m[36mEvent Load (1.0ms)[0m  [1m[34mSELECT "events".* FROM "events" WHERE "events"."id" = $1 LIMIT $2[0m  [["id", 11], ["LIMIT", 1]]
  ↳ app/controllers/home_controller.rb:5:in `index'
  [1m[36mLink Load (1.3ms)[0m  [1m[34mSELECT "links".* FROM "links" WHERE "links"."event" = $1 LIMIT $2[0m  [["event", "worship"], ["LIMIT", 1]]
  ↳ app/controllers/home_controller.rb:7:in `index'
  [1m[36mLink Load (0.8ms)[0m  [1m[34mSELECT "links".* FROM "links" WHERE "links"."event" = $1 LIMIT $2[0m  [["event", "bulletin"], ["LIMIT", 1]]
  ↳ app/controllers/home_controller.rb:8:in `index'
  [1m[36mLink Load (0.7ms)[0m  [1m[34mSELECT "links".* FROM "links" WHERE "links"."event" = $1 LIMIT $2[0m  [["event", "wine_time"], ["LIMIT", 1]]
  ↳ app/controllers/home_controller.rb:9:in `index'
  [1m[36mLink Load (0.7ms)[0m  [1m[34mSELECT "links".* FROM "links" WHERE "links"."event" = $1 LIMIT $2[0m  [["event", "coffee"], ["LIMIT", 1]]
  ↳ app/controllers/home_controller.rb:10:in `index'
  [1m[36mLink Load (0.7ms)[0m  [1m[34mSELECT "links".* FROM "links" WHERE "links"."event" = $1 LIMIT $2[0m  [["event", "evening_bible"], ["LIMIT", 1]]
  ↳ app/controllers/home_controller.rb:11:in `index'
  [1m[36mPathway Load (1.7ms)[0m  [1m[34mSELECT "pathways".* FROM "pathways" ORDER BY created_at DESC LIMIT $1[0m  [["LIMIT", 1]]
  ↳ app/controllers/home_controller.rb:12:in `index'
  Rendering layout layouts/application.html.erb
  Rendering home/index.html.erb within layouts/application
  [1m[36mEnsFeed Load (1.9ms)[0m  [1m[34mSELECT "ens_feeds".* FROM "ens_feeds" ORDER BY published_at DESC LIMIT $1[0m  [["LIMIT", 6]]
  ↳ app/views/home/index.html.erb:177
  Rendered home/index.html.erb within layouts/application (Duration: 20.1ms | Allocations: 4720)
  Rendered layouts/_header.html.erb (Duration: 3.4ms | Allocations: 859)
  [1m[36mUser Load (0.9ms)[0m  [1m[34mSELECT "users".* FROM "users" WHERE "users"."id" = $1 ORDER BY "users"."id" ASC LIMIT $2[0m  [["id", 16], ["LIMIT", 1]]
  ↳ app/views/layouts/_navbar.html.erb:4
  [1m[36mProfile Load (0.9ms)[0m  [1m[34mSELECT "profiles".* FROM "profiles" WHERE "profiles"."user_id" = $1 LIMIT $2[0m  [["user_id", 16], ["LIMIT", 1]]
  ↳ app/views/layouts/_navbar.html.erb:11
  Rendered layouts/_navbar.html.erb (Duration: 13.7ms | Allocations: 2588)
  Rendered layouts/_footer.html.erb (Duration: 2.8ms | Allocations: 1558)
  Rendered layout layouts/application.html.erb (Duration: 43.6ms | Allocations: 10253)
Completed 200 OK in 77ms (Views: 44.5ms | ActiveRecord: 10.6ms | Allocations: 15235)


Started GET "/donations/new" for 127.0.0.1 at 2022-02-10 16:23:35 -0500
Processing by DonationsController#new as HTML
  [1m[36mUser Load (1.4ms)[0m  [1m[34mSELECT "users".* FROM "users" WHERE "users"."id" = $1 ORDER BY "users"."id" ASC LIMIT $2[0m  [["id", 16], ["LIMIT", 1]]
  Rendering layout layouts/application.html.erb
  Rendering donations/new.html.erb within layouts/application
  Rendered donations/_form.html.erb (Duration: 4.4ms | Allocations: 1675)
  Rendered donations/new.html.erb within layouts/application (Duration: 5.9ms | Allocations: 2210)
  Rendered layouts/_header.html.erb (Duration: 1.8ms | Allocations: 912)
  [1m[36mProfile Load (0.7ms)[0m  [1m[34mSELECT "profiles".* FROM "profiles" WHERE "profiles"."user_id" = $1 LIMIT $2[0m  [["user_id", 16], ["LIMIT", 1]]
  ↳ app/views/layouts/_navbar.html.erb:11
  Rendered layouts/_navbar.html.erb (Duration: 5.1ms | Allocations: 1841)
  Rendered layouts/_footer.html.erb (Duration: 1.4ms | Allocations: 1503)
  Rendered layout layouts/application.html.erb (Duration: 16.4ms | Allocations: 6989)
Completed 200 OK in 93ms (Views: 17.8ms | ActiveRecord: 27.0ms | Allocations: 19755)


Started GET "/" for 127.0.0.1 at 2022-02-10 16:26:59 -0500
Processing by HomeController#index as HTML
  [1m[36mEvent Load (1.2ms)[0m  [1m[34mSELECT "events".* FROM "events" WHERE "events"."id" = $1 LIMIT $2[0m  [["id", 11], ["LIMIT", 1]]
  ↳ app/controllers/home_controller.rb:5:in `index'
  [1m[36mLink Load (1.1ms)[0m  [1m[34mSELECT "links".* FROM "links" WHERE "links"."event" = $1 LIMIT $2[0m  [["event", "worship"], ["LIMIT", 1]]
  ↳ app/controllers/home_controller.rb:7:in `index'
  [1m[36mLink Load (0.9ms)[0m  [1m[34mSELECT "links".* FROM "links" WHERE "links"."event" = $1 LIMIT $2[0m  [["event", "bulletin"], ["LIMIT", 1]]
  ↳ app/controllers/home_controller.rb:8:in `index'
  [1m[36mLink Load (0.9ms)[0m  [1m[34mSELECT "links".* FROM "links" WHERE "links"."event" = $1 LIMIT $2[0m  [["event", "wine_time"], ["LIMIT", 1]]
  ↳ app/controllers/home_controller.rb:9:in `index'
  [1m[36mLink Load (0.9ms)[0m  [1m[34mSELECT "links".* FROM "links" WHERE "links"."event" = $1 LIMIT $2[0m  [["event", "coffee"], ["LIMIT", 1]]
  ↳ app/controllers/home_controller.rb:10:in `index'
  [1m[36mLink Load (0.8ms)[0m  [1m[34mSELECT "links".* FROM "links" WHERE "links"."event" = $1 LIMIT $2[0m  [["event", "evening_bible"], ["LIMIT", 1]]
  ↳ app/controllers/home_controller.rb:11:in `index'
  [1m[36mPathway Load (1.9ms)[0m  [1m[34mSELECT "pathways".* FROM "pathways" ORDER BY created_at DESC LIMIT $1[0m  [["LIMIT", 1]]
  ↳ app/controllers/home_controller.rb:12:in `index'
  Rendering layout layouts/application.html.erb
  Rendering home/index.html.erb within layouts/application
  [1m[36mEnsFeed Load (2.0ms)[0m  [1m[34mSELECT "ens_feeds".* FROM "ens_feeds" ORDER BY published_at DESC LIMIT $1[0m  [["LIMIT", 6]]
  ↳ app/views/home/index.html.erb:178
  Rendered home/index.html.erb within layouts/application (Duration: 21.1ms | Allocations: 4714)
  Rendered layouts/_header.html.erb (Duration: 6.1ms | Allocations: 1327)
  [1m[36mUser Load (1.0ms)[0m  [1m[34mSELECT "users".* FROM "users" WHERE "users"."id" = $1 ORDER BY "users"."id" ASC LIMIT $2[0m  [["id", 16], ["LIMIT", 1]]
  ↳ app/views/layouts/_navbar.html.erb:4
  [1m[36mProfile Load (1.0ms)[0m  [1m[34mSELECT "profiles".* FROM "profiles" WHERE "profiles"."user_id" = $1 LIMIT $2[0m  [["user_id", 16], ["LIMIT", 1]]
  ↳ app/views/layouts/_navbar.html.erb:11
  Rendered layouts/_navbar.html.erb (Duration: 22.8ms | Allocations: 3950)
  Rendered layouts/_footer.html.erb (Duration: 4.4ms | Allocations: 1873)
  Rendered layout layouts/application.html.erb (Duration: 61.1ms | Allocations: 13229)
Completed 200 OK in 98ms (Views: 62.7ms | ActiveRecord: 11.7ms | Allocations: 18414)


Started GET "/" for 127.0.0.1 at 2022-02-10 16:29:04 -0500
Processing by HomeController#index as HTML
  [1m[36mEvent Load (1.1ms)[0m  [1m[34mSELECT "events".* FROM "events" WHERE "events"."id" = $1 LIMIT $2[0m  [["id", 11], ["LIMIT", 1]]
  ↳ app/controllers/home_controller.rb:5:in `index'
  [1m[36mLink Load (0.9ms)[0m  [1m[34mSELECT "links".* FROM "links" WHERE "links"."event" = $1 LIMIT $2[0m  [["event", "worship"], ["LIMIT", 1]]
  ↳ app/controllers/home_controller.rb:7:in `index'
  [1m[36mLink Load (0.6ms)[0m  [1m[34mSELECT "links".* FROM "links" WHERE "links"."event" = $1 LIMIT $2[0m  [["event", "bulletin"], ["LIMIT", 1]]
  ↳ app/controllers/home_controller.rb:8:in `index'
  [1m[36mLink Load (0.7ms)[0m  [1m[34mSELECT "links".* FROM "links" WHERE "links"."event" = $1 LIMIT $2[0m  [["event", "wine_time"], ["LIMIT", 1]]
  ↳ app/controllers/home_controller.rb:9:in `index'
  [1m[36mLink Load (0.8ms)[0m  [1m[34mSELECT "links".* FROM "links" WHERE "links"."event" = $1 LIMIT $2[0m  [["event", "coffee"], ["LIMIT", 1]]
  ↳ app/controllers/home_controller.rb:10:in `index'
  [1m[36mLink Load (0.8ms)[0m  [1m[34mSELECT "links".* FROM "links" WHERE "links"."event" = $1 LIMIT $2[0m  [["event", "evening_bible"], ["LIMIT", 1]]
  ↳ app/controllers/home_controller.rb:11:in `index'
  [1m[36mPathway Load (1.0ms)[0m  [1m[34mSELECT "pathways".* FROM "pathways" ORDER BY created_at DESC LIMIT $1[0m  [["LIMIT", 1]]
  ↳ app/controllers/home_controller.rb:12:in `index'
  Rendering layout layouts/application.html.erb
  Rendering home/index.html.erb within layouts/application
  [1m[36mEnsFeed Load (1.6ms)[0m  [1m[34mSELECT "ens_feeds".* FROM "ens_feeds" ORDER BY published_at DESC LIMIT $1[0m  [["LIMIT", 6]]
  ↳ app/views/home/index.html.erb:180
  Rendered home/index.html.erb within layouts/application (Duration: 21.3ms | Allocations: 4704)
  Rendered layouts/_header.html.erb (Duration: 6.2ms | Allocations: 1327)
  [1m[36mUser Load (1.0ms)[0m  [1m[34mSELECT "users".* FROM "users" WHERE "users"."id" = $1 ORDER BY "users"."id" ASC LIMIT $2[0m  [["id", 16], ["LIMIT", 1]]
  ↳ app/views/layouts/_navbar.html.erb:4
  [1m[36mProfile Load (1.0ms)[0m  [1m[34mSELECT "profiles".* FROM "profiles" WHERE "profiles"."user_id" = $1 LIMIT $2[0m  [["user_id", 16], ["LIMIT", 1]]
  ↳ app/views/layouts/_navbar.html.erb:11
  Rendered layouts/_navbar.html.erb (Duration: 20.8ms | Allocations: 3949)
  Rendered layouts/_footer.html.erb (Duration: 5.1ms | Allocations: 1873)
  Rendered layout layouts/application.html.erb (Duration: 60.8ms | Allocations: 13218)
Completed 200 OK in 96ms (Views: 63.1ms | ActiveRecord: 9.5ms | Allocations: 18342)


